  Building Custom Rule C:/Users/mortaza.ebeid/Documents/prog/c/wave-cryptography/CMakeLists.txt
  main.c
C:\Users\mortaza.ebeid\Documents\prog\c\wave-cryptography\main.c(33,51): warning C4047: 'function': 'const char *' differs in levels of indirection from 'char (*)[18]'
C:\Users\mortaza.ebeid\Documents\prog\c\wave-cryptography\main.c(33,35): warning C4024: 'strrchr': different types for formal and actual parameter 1
C:\Users\mortaza.ebeid\Documents\prog\c\wave-cryptography\main.c(34,133): warning C4047: '-': 'char *' differs in levels of indirection from 'char (*)[18]'
  chacha.c
C:\Users\mortaza.ebeid\Documents\prog\c\wave-cryptography\src\chacha.c(167,35): warning C4047: 'function': 'uint8_t *' differs in levels of indirection from 'uint8_t (*)[64]'
C:\Users\mortaza.ebeid\Documents\prog\c\wave-cryptography\src\chacha.c(167,24): warning C4024: 'serializeBlock': different types for formal and actual parameter 1
  encoder.c
C:\Users\mortaza.ebeid\Documents\prog\c\wave-cryptography\src\encoder.c(49,51): warning C4312: 'type cast': conversion from 'int' to 'char *' of greater size
C:\Users\mortaza.ebeid\Documents\prog\c\wave-cryptography\src\encoder.c(66,50): warning C4312: 'type cast': conversion from 'int' to 'char *' of greater size
  messageHeader.c
  menuGUI.c
C:\Users\mortaza.ebeid\Documents\prog\c\wave-cryptography\src\menuGUI.c(85,45): warning C4047: 'function': 'char *' differs in levels of indirection from 'char (*)[150]'
C:\Users\mortaza.ebeid\Documents\prog\c\wave-cryptography\src\menuGUI.c(85,30): warning C4024: 'encodingMenu': different types for formal and actual parameter 1
C:\Users\mortaza.ebeid\Documents\prog\c\wave-cryptography\src\menuGUI.c(85,60): warning C4047: 'function': 'char *' differs in levels of indirection from 'char (*)[150]'
C:\Users\mortaza.ebeid\Documents\prog\c\wave-cryptography\src\menuGUI.c(85,47): warning C4024: 'encodingMenu': different types for formal and actual parameter 2
C:\Users\mortaza.ebeid\Documents\prog\c\wave-cryptography\src\menuGUI.c(85,78): warning C4047: 'function': 'char *' differs in levels of indirection from 'char (*)[150]'
C:\Users\mortaza.ebeid\Documents\prog\c\wave-cryptography\src\menuGUI.c(85,62): warning C4024: 'encodingMenu': different types for formal and actual parameter 3
  wavHeader.c
  util.c
C:\Users\mortaza.ebeid\Documents\prog\c\wave-cryptography\src\util.c(22,1): warning C4047: 'initializing': 'unsigned char *' differs in levels of indirection from 'int'
C:\Users\mortaza.ebeid\Documents\prog\c\wave-cryptography\src\util.c(31,1): warning C4047: 'initializing': 'unsigned char *' differs in levels of indirection from 'int'
  Generating Code...
  wave-cryptography.vcxproj -> C:\Users\mortaza.ebeid\Documents\prog\c\wave-cryptography\build\Debug\wave-cryptography.exe
